keyIndex = 16 < num = 16 && res = 0 == SQLITE_ROW=100
counts for 1024: 16
ad48dabf a016d32c af64e8e8 7be8c288 ffecacd9 ace6bf7d 1b76a880 a207937b c9051c9a 71c00e49 6125ad53 18b9d27b 72d9f65e d5e05f74 5815df70 bade456f c64abb1b 6f48b9be 48d4cc49 fca20b44 b97fb54e 5a5b4cd9 bf0bc0cd 77100eb2 e93ab605 f93f46d3 a891ec0a c21720bf e6d2245f 9c574b7e 7ba9198e 4cf208c1 
8c51eaf2 bb8b12fb 29ca689c de94f7e5 e76b89fc f6cfebf8 5bc79674 bfc64ffc 0501264f e570fa9e 6445461f bbbc576b eeb140e3 4225bd54 81babf66 054590ff 380ff36c a5c6699f 9b2de921 c6607a6d 058d51a1 940846c5 0e0419c0 ecb90222 7433acfb 38a0e652 ea26bd16 0390cfd5 3df6e378 bb59081a e806ca2d b823ceb3 
86731c69 a7d9abee e11eaa2b f81412f1 d99539de ad1ce3ec 3a70b2a2 a9a2b4a5 8cbcc15a b5d811a8 10ff86b7 f2c7e88a 36df6760 24abaec8 fdd58d71 60e8f353 2376a6a3 cd575a43 d3131f5d dba082c4 d9ede085 334012e3 dc96ffac de8390b7 73f1cfa7 c67fb378 1b77bb7e a47b3dfe e54f91e4 49466670 73ead3ff 5d444791 
b7a09e0c 503d2b94 c6696dc3 a9c96e84 c313d536 067ee0a1 79287e71 11ca7946 d62564a1 1d83294d 29bb47b0 52f15d0b fa7bc9f7 d1269b2e 02aa6782 71e5422b 787ffa38 b09feb4e dfb9c3ba 3fcb39a7 ca5f3187 e9157929 8e1e650c 89a4d39b 816510c6 666c9732 a6d73ed5 ea037b41 25b1302f 8fdd5b0c 46693204 e09c37bd 
ec46d4cc 88c29b65 74e327de 2031c763 b7c72386 49769fb8 779619e1 9795a893 0f4c4c26 a214a7fd 6feba652 d0736f17 2d5a96ab b5d2f846 c07bbc40 b76dcc8c f826ddc7 9eda09d4 3f5daa75 c7ba97dc 243dfd70 adb63e88 6083ade4 ac155d6c 7a310e47 044380db a37eaa56 a0c4f058 af8deebe ad163789 eaadaf43 57fef7b1 
bbf4b56f 93bad5cb d753d1b9 a0576e1a ae109674 08c9a85c 281a91f1 b85ed743 bbde216a 06861565 3c948274 321ddd8b 4639f7e0 e90d1ddb ca1b6711 780f11bf a899cff5 d77fe57d 272ff6c0 801f9e00 6484d96e 4bf3b634 d2448468 d3bee08f 0eace766 1bea795b 44169c1c d715fbb1 da7560c6 c103c0c0 dad62374 330fb5cb 
9e422cc6 d295adef 2cfa7c30 1b841545 a5c66585 cd3a470b 0f7db4e1 27f6886e 5bd5741f a6907269 bca0c89f 9b65d331 f160df27 21f5b05e e38de10f b01b503a fe2bdc08 43fff215 629d5cfa 766b3f66 1b46de18 aa1f131a 67b7d5a6 eef593c1 92ce2ae7 75bd0aab ccf21617 a78c38e5 2bd27ab8 0448ef95 c95a56a7 770551a7 
b6260c00 e7a5d9f9 e855c841 a8da81b0 20b7e5a3 1c92b3be 1e1c3e09 5ca5b1ba ff84d5ff 8f7ee1b4 a65d927c c45206d0 ff6b7340 333d552b 07dd1e2a 3c406f46 b8a0171c 4dea72c7 77789c29 0ea365ca c2a71c17 eef3ff93 44d2c751 d722ad9c ddb73dd8 b6b30231 839d7f95 3ff08dbd cf802c15 2d56af22 b808da7b aaa73db3 
a23d763d aa56daf0 1d0b2235 492848c8 020da35f f4d582fa d02196ac 09597c99 53029de7 d0a66029 3943cb67 26794108 2fdaa553 0e4711ec 18ed15ac 6aa36c17 22065b06 4c25c4a2 eb388977 54cac20d 38afec9c be1c9a2e 7378d20f 95745d3d 20c4b0f6 820cef52 7d0be442 b9297d41 6573a9e5 0fc7bb4f 812c7151 13045139 
b46b6c62 972b97f3 b572b3b9 3f0f5b9d beff2a77 7ed7b14b be9a3401 59aa7c71 b932acad db86b762 348f0360 186ca235 7c6f49fe 5f72d254 a5b23a79 54da1c6e ad8e1617 7dc80397 4d6b9537 b0d85fdd 4a430611 b9f836a7 8a56f2b3 0874c903 98170ac9 8ffbd611 e457d6bf 3b65887a ef767cea 02fb32fe c556b0e3 5d0c077b 
b46f8a42 77fd1c32 857b39be 406ee8be ba8aa7e0 709157cc f989a4dc c7270ae9 75a3d3d1 61b2c693 33d6241d dbb51bf2 d894fe09 9fc82da2 e560766b 4fa1111b 9680b8f8 2b3e43aa 244fd6b3 3473516d c747ba89 4be20ccc 816e2d69 ff511f00 6812f3b9 3153b5d3 98e602ba b90de23a 7bbcd164 0f836e81 607b9361 3a202627 
b445f560 1a421fda 506f747a 2d77ce02 5c263c97 9f3d4bb5 1a0bf2f9 4b18dbf8 270e1300 67d696b2 7c14a3e4 f53c7fc4 a8803846 e852ee4e cd24241d 6d47bdfb 84b846c9 6fb9d550 269cd8ae 1b1d8262 86979697 9318c442 0fb7bb36 0863a8fe b818b220 e6aa1838 45cb71c4 24a6688d 3a459ed1 19e2d7ef d5accc7b a4dff11f 
b28f6dc1 f120c569 324150cc c7a817ef 6d65b694 76a6ffb1 27775699 93791fa3 2f5c4c86 29fcfbff df386bcd 4a3a3047 c8df1bb5 5ca416af 67eed9d4 6b24564a 7e42d42b fa0ee0de fa741c3b 01e43fa9 15b60825 d1f6ad04 8ceb86ca 8da8ffc5 95bd0916 0d333c78 081e48a2 f33b80b6 381a301c e2912c47 87043adb 5084aa15 
e303a333 fdca49c8 d67dd919 a24d824d aa5731ba 0352a698 e777756b b379473f b2ec5eb0 10e9b3b3 9911e6e8 b3d9cd17 2ca81e29 e5cb84e0 49431234 6bad57e5 1b94095f 5a05d149 27a42e82 1c711ba7 8a95c29f ae531e89 68840931 2eaa308f 672ff285 a315df39 446e23b3 59831f04 5a00dc5e a0c23f7b 4d45edf5 8e9eba7f 
9fcc63a1 59edf5ac 261da5d7 9661ee0c 870023e2 7ddf2203 b4da667d 1e670774 8cf0e03a eb031fe6 0d4b96a6 41c6eff6 f547bcf5 de7e0c7f f5d94d8b 9b58385c 3dc6c9c8 faa46938 0236a877 d732d87a 0897ab36 124aac46 0e9c1c81 488799c3 1ab7be77 a12fd7e9 7a4df30e 33e031a3 3526613e d3ca6ef5 9204aab4 d2eb1497 
c548c88d b61a55ab 36078ce7 75653562 5bc34153 cea477a7 8a1a6099 40aec7c3 fc2d70ed 57fe9e33 3c2ec75d cacf547b 989c8cca c483ccd1 cfce398d 274a4050 3e2ea202 7eae9c38 c8f07770 4ed03d82 7b8e3ad8 1adbc490 246b7210 a8a8d992 c9f8b735 85e3ad84 de739517 460f71f0 449e6baf 528d5bec 595540fe 8cfde149 
(0, 0)
(1, 0)
(2, 0)
(3, 0)
(1, 1)
(2, 1)
(3, 1)
(2, 2)
(3, 2)
(3, 3)
bad key found in block: (2, 0)
k = 2 1
key 0, 0 in block (2, 0)
VULNERABLE KEY PAIR FOUND:
one: 256
two: 0
a23d763d aa56daf0 1d0b2235 492848c8 020da35f f4d582fa d02196ac 09597c99 53029de7 d0a66029 3943cb67 26794108 2fdaa553 0e4711ec 18ed15ac 6aa36c17 22065b06 4c25c4a2 eb388977 54cac20d 38afec9c be1c9a2e 7378d20f 95745d3d 20c4b0f6 820cef52 7d0be442 b9297d41 6573a9e5 0fc7bb4f 812c7151 13045139 
ad48dabf a016d32c af64e8e8 7be8c288 ffecacd9 ace6bf7d 1b76a880 a207937b c9051c9a 71c00e49 6125ad53 18b9d27b 72d9f65e d5e05f74 5815df70 bade456f c64abb1b 6f48b9be 48d4cc49 fca20b44 b97fb54e 5a5b4cd9 bf0bc0cd 77100eb2 e93ab605 f93f46d3 a891ec0a c21720bf e6d2245f 9c574b7e 7ba9198e 4cf208c1 
Done calculating gcd.
PRIVATE KEY:
00000000 00000000 00000000 00000000 00000000 00000000 00000000 00000000 00000000 00000000 00000000 00000000 00000000 00000000 00000000 00000000 dedb241f a0569f89 22449f23 f70cefc9 905806c5 8b6587f3 a101befd e3b24726 ab0725a8 76e37c46 fe0e7957 53394875 d4ef89d7 3c722db3 c47e1646 0df8ca05 
key 1, 0 in block (2, 0)
VULNERABLE KEY PAIR FOUND:
one: 288
two: 0
b46b6c62 972b97f3 b572b3b9 3f0f5b9d beff2a77 7ed7b14b be9a3401 59aa7c71 b932acad db86b762 348f0360 186ca235 7c6f49fe 5f72d254 a5b23a79 54da1c6e ad8e1617 7dc80397 4d6b9537 b0d85fdd 4a430611 b9f836a7 8a56f2b3 0874c903 98170ac9 8ffbd611 e457d6bf 3b65887a ef767cea 02fb32fe c556b0e3 5d0c077b 
00000000 00000000 00000000 00000000 00000000 00000000 00000000 00000000 00000000 00000000 00000000 00000000 00000000 00000000 00000000 00000000 00000000 00000000 00000000 00000000 00000000 00000000 00000000 00000000 00000000 00000000 00000000 00000000 00000000 00000000 00000000 00000000 
Done calculating gcd.
PRIVATE KEY:
b46b6c62 972b97f3 b572b3b9 3f0f5b9d beff2a77 7ed7b14b be9a3401 59aa7c71 b932acad db86b762 348f0360 186ca235 7c6f49fe 5f72d254 a5b23a79 54da1c6e ad8e1617 7dc80397 4d6b9537 b0d85fdd 4a430611 b9f836a7 8a56f2b3 0874c903 98170ac9 8ffbd611 e457d6bf 3b65887a ef767cea 02fb32fe c556b0e3 5d0c077b 
key 2, 0 in block (2, 0)
VULNERABLE KEY PAIR FOUND:
one: 320
two: 0
b46f8a42 77fd1c32 857b39be 406ee8be ba8aa7e0 709157cc f989a4dc c7270ae9 75a3d3d1 61b2c693 33d6241d dbb51bf2 d894fe09 9fc82da2 e560766b 4fa1111b 9680b8f8 2b3e43aa 244fd6b3 3473516d c747ba89 4be20ccc 816e2d69 ff511f00 6812f3b9 3153b5d3 98e602ba b90de23a 7bbcd164 0f836e81 607b9361 3a202627 
00000000 00000000 00000000 00000000 00000000 00000000 00000000 00000000 00000000 00000000 00000000 00000000 00000000 00000000 00000000 00000000 00000000 00000000 00000000 00000000 00000000 00000000 00000000 00000000 00000000 00000000 00000000 00000000 00000000 00000000 00000000 00000000 
Done calculating gcd.
PRIVATE KEY:
b46f8a42 77fd1c32 857b39be 406ee8be ba8aa7e0 709157cc f989a4dc c7270ae9 75a3d3d1 61b2c693 33d6241d dbb51bf2 d894fe09 9fc82da2 e560766b 4fa1111b 9680b8f8 2b3e43aa 244fd6b3 3473516d c747ba89 4be20ccc 816e2d69 ff511f00 6812f3b9 3153b5d3 98e602ba b90de23a 7bbcd164 0f836e81 607b9361 3a202627 
key 3, 0 in block (2, 0)
VULNERABLE KEY PAIR FOUND:
one: 352
two: 0
b445f560 1a421fda 506f747a 2d77ce02 5c263c97 9f3d4bb5 1a0bf2f9 4b18dbf8 270e1300 67d696b2 7c14a3e4 f53c7fc4 a8803846 e852ee4e cd24241d 6d47bdfb 84b846c9 6fb9d550 269cd8ae 1b1d8262 86979697 9318c442 0fb7bb36 0863a8fe b818b220 e6aa1838 45cb71c4 24a6688d 3a459ed1 19e2d7ef d5accc7b a4dff11f 
00000000 00000000 00000000 00000000 00000000 00000000 00000000 00000000 00000000 00000000 00000000 00000000 00000000 00000000 00000000 00000000 00000000 00000000 00000000 00000000 00000000 00000000 00000000 00000000 00000000 00000000 00000000 00000000 00000000 00000000 00000000 00000000 
Done calculating gcd.
PRIVATE KEY:
b445f560 1a421fda 506f747a 2d77ce02 5c263c97 9f3d4bb5 1a0bf2f9 4b18dbf8 270e1300 67d696b2 7c14a3e4 f53c7fc4 a8803846 e852ee4e cd24241d 6d47bdfb 84b846c9 6fb9d550 269cd8ae 1b1d8262 86979697 9318c442 0fb7bb36 0863a8fe b818b220 e6aa1838 45cb71c4 24a6688d 3a459ed1 19e2d7ef d5accc7b a4dff11f 
key 0, 1 in block (2, 0)
VULNERABLE KEY PAIR FOUND:
one: 256
two: 32
00000000 00000000 00000000 00000000 00000000 00000000 00000000 00000000 00000000 00000000 00000000 00000000 00000000 00000000 00000000 00000000 dedb241f a0569f89 22449f23 f70cefc9 905806c5 8b6587f3 a101befd e3b24726 ab0725a8 76e37c46 fe0e7957 53394875 d4ef89d7 3c722db3 c47e1646 0df8ca05 
8c51eaf2 bb8b12fb 29ca689c de94f7e5 e76b89fc f6cfebf8 5bc79674 bfc64ffc 0501264f e570fa9e 6445461f bbbc576b eeb140e3 4225bd54 81babf66 054590ff 380ff36c a5c6699f 9b2de921 c6607a6d 058d51a1 940846c5 0e0419c0 ecb90222 7433acfb 38a0e652 ea26bd16 0390cfd5 3df6e378 bb59081a e806ca2d b823ceb3 
Done calculating gcd.
PRIVATE KEY:
00000000 00000000 00000000 00000000 00000000 00000000 00000000 00000000 00000000 00000000 00000000 00000000 00000000 00000000 00000000 00000000 00000000 00000000 00000000 00000000 00000000 00000000 00000000 00000000 00000000 00000000 00000000 00000000 00000000 00000000 00000000 00000001 
key 1, 1 in block (2, 0)
VULNERABLE KEY PAIR FOUND:
one: 288
two: 32
b46b6c62 972b97f3 b572b3b9 3f0f5b9d beff2a77 7ed7b14b be9a3401 59aa7c71 b932acad db86b762 348f0360 186ca235 7c6f49fe 5f72d254 a5b23a79 54da1c6e ad8e1617 7dc80397 4d6b9537 b0d85fdd 4a430611 b9f836a7 8a56f2b3 0874c903 98170ac9 8ffbd611 e457d6bf 3b65887a ef767cea 02fb32fe c556b0e3 5d0c077b 
00000000 00000000 00000000 00000000 00000000 00000000 00000000 00000000 00000000 00000000 00000000 00000000 00000000 00000000 00000000 00000000 00000000 00000000 00000000 00000000 00000000 00000000 00000000 00000000 00000000 00000000 00000000 00000000 00000000 00000000 00000000 00000000 
Done calculating gcd.
PRIVATE KEY:
b46b6c62 972b97f3 b572b3b9 3f0f5b9d beff2a77 7ed7b14b be9a3401 59aa7c71 b932acad db86b762 348f0360 186ca235 7c6f49fe 5f72d254 a5b23a79 54da1c6e ad8e1617 7dc80397 4d6b9537 b0d85fdd 4a430611 b9f836a7 8a56f2b3 0874c903 98170ac9 8ffbd611 e457d6bf 3b65887a ef767cea 02fb32fe c556b0e3 5d0c077b 
key 2, 1 in block (2, 0)
VULNERABLE KEY PAIR FOUND:
one: 320
two: 32
b46f8a42 77fd1c32 857b39be 406ee8be ba8aa7e0 709157cc f989a4dc c7270ae9 75a3d3d1 61b2c693 33d6241d dbb51bf2 d894fe09 9fc82da2 e560766b 4fa1111b 9680b8f8 2b3e43aa 244fd6b3 3473516d c747ba89 4be20ccc 816e2d69 ff511f00 6812f3b9 3153b5d3 98e602ba b90de23a 7bbcd164 0f836e81 607b9361 3a202627 
00000000 00000000 00000000 00000000 00000000 00000000 00000000 00000000 00000000 00000000 00000000 00000000 00000000 00000000 00000000 00000000 00000000 00000000 00000000 00000000 00000000 00000000 00000000 00000000 00000000 00000000 00000000 00000000 00000000 00000000 00000000 00000000 
Done calculating gcd.
PRIVATE KEY:
b46f8a42 77fd1c32 857b39be 406ee8be ba8aa7e0 709157cc f989a4dc c7270ae9 75a3d3d1 61b2c693 33d6241d dbb51bf2 d894fe09 9fc82da2 e560766b 4fa1111b 9680b8f8 2b3e43aa 244fd6b3 3473516d c747ba89 4be20ccc 816e2d69 ff511f00 6812f3b9 3153b5d3 98e602ba b90de23a 7bbcd164 0f836e81 607b9361 3a202627 
key 3, 1 in block (2, 0)
VULNERABLE KEY PAIR FOUND:
one: 352
two: 32
b445f560 1a421fda 506f747a 2d77ce02 5c263c97 9f3d4bb5 1a0bf2f9 4b18dbf8 270e1300 67d696b2 7c14a3e4 f53c7fc4 a8803846 e852ee4e cd24241d 6d47bdfb 84b846c9 6fb9d550 269cd8ae 1b1d8262 86979697 9318c442 0fb7bb36 0863a8fe b818b220 e6aa1838 45cb71c4 24a6688d 3a459ed1 19e2d7ef d5accc7b a4dff11f 
00000000 00000000 00000000 00000000 00000000 00000000 00000000 00000000 00000000 00000000 00000000 00000000 00000000 00000000 00000000 00000000 00000000 00000000 00000000 00000000 00000000 00000000 00000000 00000000 00000000 00000000 00000000 00000000 00000000 00000000 00000000 00000000 
Done calculating gcd.
PRIVATE KEY:
b445f560 1a421fda 506f747a 2d77ce02 5c263c97 9f3d4bb5 1a0bf2f9 4b18dbf8 270e1300 67d696b2 7c14a3e4 f53c7fc4 a8803846 e852ee4e cd24241d 6d47bdfb 84b846c9 6fb9d550 269cd8ae 1b1d8262 86979697 9318c442 0fb7bb36 0863a8fe b818b220 e6aa1838 45cb71c4 24a6688d 3a459ed1 19e2d7ef d5accc7b a4dff11f 
key 0, 2 in block (2, 0)
VULNERABLE KEY PAIR FOUND:
one: 256
two: 64
00000000 00000000 00000000 00000000 00000000 00000000 00000000 00000000 00000000 00000000 00000000 00000000 00000000 00000000 00000000 00000000 00000000 00000000 00000000 00000000 00000000 00000000 00000000 00000000 00000000 00000000 00000000 00000000 00000000 00000000 00000000 00000001 
86731c69 a7d9abee e11eaa2b f81412f1 d99539de ad1ce3ec 3a70b2a2 a9a2b4a5 8cbcc15a b5d811a8 10ff86b7 f2c7e88a 36df6760 24abaec8 fdd58d71 60e8f353 2376a6a3 cd575a43 d3131f5d dba082c4 d9ede085 334012e3 dc96ffac de8390b7 73f1cfa7 c67fb378 1b77bb7e a47b3dfe e54f91e4 49466670 73ead3ff 5d444791 
Done calculating gcd.
PRIVATE KEY:
00000000 00000000 00000000 00000000 00000000 00000000 00000000 00000000 00000000 00000000 00000000 00000000 00000000 00000000 00000000 00000000 00000000 00000000 00000000 00000000 00000000 00000000 00000000 00000000 00000000 00000000 00000000 00000000 00000000 00000000 00000000 00000001 
key 1, 2 in block (2, 0)
VULNERABLE KEY PAIR FOUND:
one: 288
two: 64
b46b6c62 972b97f3 b572b3b9 3f0f5b9d beff2a77 7ed7b14b be9a3401 59aa7c71 b932acad db86b762 348f0360 186ca235 7c6f49fe 5f72d254 a5b23a79 54da1c6e ad8e1617 7dc80397 4d6b9537 b0d85fdd 4a430611 b9f836a7 8a56f2b3 0874c903 98170ac9 8ffbd611 e457d6bf 3b65887a ef767cea 02fb32fe c556b0e3 5d0c077b 
00000000 00000000 00000000 00000000 00000000 00000000 00000000 00000000 00000000 00000000 00000000 00000000 00000000 00000000 00000000 00000000 00000000 00000000 00000000 00000000 00000000 00000000 00000000 00000000 00000000 00000000 00000000 00000000 00000000 00000000 00000000 00000000 
Done calculating gcd.
PRIVATE KEY:
b46b6c62 972b97f3 b572b3b9 3f0f5b9d beff2a77 7ed7b14b be9a3401 59aa7c71 b932acad db86b762 348f0360 186ca235 7c6f49fe 5f72d254 a5b23a79 54da1c6e ad8e1617 7dc80397 4d6b9537 b0d85fdd 4a430611 b9f836a7 8a56f2b3 0874c903 98170ac9 8ffbd611 e457d6bf 3b65887a ef767cea 02fb32fe c556b0e3 5d0c077b 
key 2, 2 in block (2, 0)
VULNERABLE KEY PAIR FOUND:
one: 320
two: 64
b46f8a42 77fd1c32 857b39be 406ee8be ba8aa7e0 709157cc f989a4dc c7270ae9 75a3d3d1 61b2c693 33d6241d dbb51bf2 d894fe09 9fc82da2 e560766b 4fa1111b 9680b8f8 2b3e43aa 244fd6b3 3473516d c747ba89 4be20ccc 816e2d69 ff511f00 6812f3b9 3153b5d3 98e602ba b90de23a 7bbcd164 0f836e81 607b9361 3a202627 
00000000 00000000 00000000 00000000 00000000 00000000 00000000 00000000 00000000 00000000 00000000 00000000 00000000 00000000 00000000 00000000 00000000 00000000 00000000 00000000 00000000 00000000 00000000 00000000 00000000 00000000 00000000 00000000 00000000 00000000 00000000 00000000 
Done calculating gcd.
PRIVATE KEY:
b46f8a42 77fd1c32 857b39be 406ee8be ba8aa7e0 709157cc f989a4dc c7270ae9 75a3d3d1 61b2c693 33d6241d dbb51bf2 d894fe09 9fc82da2 e560766b 4fa1111b 9680b8f8 2b3e43aa 244fd6b3 3473516d c747ba89 4be20ccc 816e2d69 ff511f00 6812f3b9 3153b5d3 98e602ba b90de23a 7bbcd164 0f836e81 607b9361 3a202627 
key 3, 2 in block (2, 0)
VULNERABLE KEY PAIR FOUND:
one: 352
two: 64
b445f560 1a421fda 506f747a 2d77ce02 5c263c97 9f3d4bb5 1a0bf2f9 4b18dbf8 270e1300 67d696b2 7c14a3e4 f53c7fc4 a8803846 e852ee4e cd24241d 6d47bdfb 84b846c9 6fb9d550 269cd8ae 1b1d8262 86979697 9318c442 0fb7bb36 0863a8fe b818b220 e6aa1838 45cb71c4 24a6688d 3a459ed1 19e2d7ef d5accc7b a4dff11f 
00000000 00000000 00000000 00000000 00000000 00000000 00000000 00000000 00000000 00000000 00000000 00000000 00000000 00000000 00000000 00000000 00000000 00000000 00000000 00000000 00000000 00000000 00000000 00000000 00000000 00000000 00000000 00000000 00000000 00000000 00000000 00000000 
Done calculating gcd.
PRIVATE KEY:
b445f560 1a421fda 506f747a 2d77ce02 5c263c97 9f3d4bb5 1a0bf2f9 4b18dbf8 270e1300 67d696b2 7c14a3e4 f53c7fc4 a8803846 e852ee4e cd24241d 6d47bdfb 84b846c9 6fb9d550 269cd8ae 1b1d8262 86979697 9318c442 0fb7bb36 0863a8fe b818b220 e6aa1838 45cb71c4 24a6688d 3a459ed1 19e2d7ef d5accc7b a4dff11f 
key 0, 3 in block (2, 0)
VULNERABLE KEY PAIR FOUND:
one: 256
two: 96
00000000 00000000 00000000 00000000 00000000 00000000 00000000 00000000 00000000 00000000 00000000 00000000 00000000 00000000 00000000 00000000 00000000 00000000 00000000 00000000 00000000 00000000 00000000 00000000 00000000 00000000 00000000 00000000 00000000 00000000 00000000 00000001 
b7a09e0c 503d2b94 c6696dc3 a9c96e84 c313d536 067ee0a1 79287e71 11ca7946 d62564a1 1d83294d 29bb47b0 52f15d0b fa7bc9f7 d1269b2e 02aa6782 71e5422b 787ffa38 b09feb4e dfb9c3ba 3fcb39a7 ca5f3187 e9157929 8e1e650c 89a4d39b 816510c6 666c9732 a6d73ed5 ea037b41 25b1302f 8fdd5b0c 46693204 e09c37bd 
Done calculating gcd.
PRIVATE KEY:
00000000 00000000 00000000 00000000 00000000 00000000 00000000 00000000 00000000 00000000 00000000 00000000 00000000 00000000 00000000 00000000 00000000 00000000 00000000 00000000 00000000 00000000 00000000 00000000 00000000 00000000 00000000 00000000 00000000 00000000 00000000 00000001 
key 1, 3 in block (2, 0)
VULNERABLE KEY PAIR FOUND:
one: 288
two: 96
b46b6c62 972b97f3 b572b3b9 3f0f5b9d beff2a77 7ed7b14b be9a3401 59aa7c71 b932acad db86b762 348f0360 186ca235 7c6f49fe 5f72d254 a5b23a79 54da1c6e ad8e1617 7dc80397 4d6b9537 b0d85fdd 4a430611 b9f836a7 8a56f2b3 0874c903 98170ac9 8ffbd611 e457d6bf 3b65887a ef767cea 02fb32fe c556b0e3 5d0c077b 
00000000 00000000 00000000 00000000 00000000 00000000 00000000 00000000 00000000 00000000 00000000 00000000 00000000 00000000 00000000 00000000 00000000 00000000 00000000 00000000 00000000 00000000 00000000 00000000 00000000 00000000 00000000 00000000 00000000 00000000 00000000 00000000 
Done calculating gcd.
PRIVATE KEY:
b46b6c62 972b97f3 b572b3b9 3f0f5b9d beff2a77 7ed7b14b be9a3401 59aa7c71 b932acad db86b762 348f0360 186ca235 7c6f49fe 5f72d254 a5b23a79 54da1c6e ad8e1617 7dc80397 4d6b9537 b0d85fdd 4a430611 b9f836a7 8a56f2b3 0874c903 98170ac9 8ffbd611 e457d6bf 3b65887a ef767cea 02fb32fe c556b0e3 5d0c077b 
key 2, 3 in block (2, 0)
VULNERABLE KEY PAIR FOUND:
one: 320
two: 96
b46f8a42 77fd1c32 857b39be 406ee8be ba8aa7e0 709157cc f989a4dc c7270ae9 75a3d3d1 61b2c693 33d6241d dbb51bf2 d894fe09 9fc82da2 e560766b 4fa1111b 9680b8f8 2b3e43aa 244fd6b3 3473516d c747ba89 4be20ccc 816e2d69 ff511f00 6812f3b9 3153b5d3 98e602ba b90de23a 7bbcd164 0f836e81 607b9361 3a202627 
00000000 00000000 00000000 00000000 00000000 00000000 00000000 00000000 00000000 00000000 00000000 00000000 00000000 00000000 00000000 00000000 00000000 00000000 00000000 00000000 00000000 00000000 00000000 00000000 00000000 00000000 00000000 00000000 00000000 00000000 00000000 00000000 
Done calculating gcd.
PRIVATE KEY:
b46f8a42 77fd1c32 857b39be 406ee8be ba8aa7e0 709157cc f989a4dc c7270ae9 75a3d3d1 61b2c693 33d6241d dbb51bf2 d894fe09 9fc82da2 e560766b 4fa1111b 9680b8f8 2b3e43aa 244fd6b3 3473516d c747ba89 4be20ccc 816e2d69 ff511f00 6812f3b9 3153b5d3 98e602ba b90de23a 7bbcd164 0f836e81 607b9361 3a202627 
key 3, 3 in block (2, 0)
VULNERABLE KEY PAIR FOUND:
one: 352
two: 96
b445f560 1a421fda 506f747a 2d77ce02 5c263c97 9f3d4bb5 1a0bf2f9 4b18dbf8 270e1300 67d696b2 7c14a3e4 f53c7fc4 a8803846 e852ee4e cd24241d 6d47bdfb 84b846c9 6fb9d550 269cd8ae 1b1d8262 86979697 9318c442 0fb7bb36 0863a8fe b818b220 e6aa1838 45cb71c4 24a6688d 3a459ed1 19e2d7ef d5accc7b a4dff11f 
00000000 00000000 00000000 00000000 00000000 00000000 00000000 00000000 00000000 00000000 00000000 00000000 00000000 00000000 00000000 00000000 00000000 00000000 00000000 00000000 00000000 00000000 00000000 00000000 00000000 00000000 00000000 00000000 00000000 00000000 00000000 00000000 
Done calculating gcd.
PRIVATE KEY:
b445f560 1a421fda 506f747a 2d77ce02 5c263c97 9f3d4bb5 1a0bf2f9 4b18dbf8 270e1300 67d696b2 7c14a3e4 f53c7fc4 a8803846 e852ee4e cd24241d 6d47bdfb 84b846c9 6fb9d550 269cd8ae 1b1d8262 86979697 9318c442 0fb7bb36 0863a8fe b818b220 e6aa1838 45cb71c4 24a6688d 3a459ed1 19e2d7ef d5accc7b a4dff11f 
