==4406== Memcheck, a memory error detector
==4406== Copyright (C) 2002-2012, and GNU GPL'd, by Julian Seward et al.
==4406== Using Valgrind-3.8.1 and LibVEX; rerun with -h for copyright info
==4406== Command: ./cudaGCD 16
==4406== 
SQL error: 
==4406== Invalid free() / delete / delete[] / realloc()
==4406==    at 0x4C2AD3C: free (in /usr/lib/valgrind/vgpreload_memcheck-amd64-linux.so)
==4406==    by 0x40EC60: sqlite3_free.part.6 (sqlite3.c:19089)
==4406==    by 0x409453: getAllKeys(char const*, int, std::vector<rsa_st*, std::allocator<rsa_st*> >*, unsigned int*) (getKeys.cpp:64)
==4406==    by 0x40735C: main (in /home/shmoe/Dropbox/School/Thesis/gcdfinder/trunk/cudaGCD)
==4406==  Address 0x7ff000337 is on thread 1's stack
==4406== 
getKeys returns -1
totalNumKeys = -1; shift = 5
numBlocks = -1
==4406== Warning: silly arg (-2) to malloc()
Error with malloc
==4406== 
==4406== HEAP SUMMARY:
==4406==     in use at exit: 2,048 bytes in 1 blocks
==4406==   total heap usage: 79 allocs, 79 frees, 97,704 bytes allocated
==4406== 
==4406== LEAK SUMMARY:
==4406==    definitely lost: 0 bytes in 0 blocks
==4406==    indirectly lost: 0 bytes in 0 blocks
==4406==      possibly lost: 0 bytes in 0 blocks
==4406==    still reachable: 2,048 bytes in 1 blocks
==4406==         suppressed: 0 bytes in 0 blocks
==4406== Rerun with --leak-check=full to see details of leaked memory
==4406== 
==4406== For counts of detected and suppressed errors, rerun with: -v
==4406== ERROR SUMMARY: 1 errors from 1 contexts (suppressed: 2 from 2)
