\BOOKMARK [0][]{chapter*.2}{List of Tables}{}% 1
\BOOKMARK [0][]{chapter*.3}{List of Figures}{}% 2
\BOOKMARK [0][]{chapter.1}{Introduction}{}% 3
\BOOKMARK [0][]{chapter.2}{Background}{}% 4
\BOOKMARK [1][]{section.2.1}{RSA}{chapter.2}% 5
\BOOKMARK [1][]{section.2.2}{CUDA}{chapter.2}% 6
\BOOKMARK [0][]{chapter.3}{Motivation}{}% 7
\BOOKMARK [1][]{section.3.1}{Digital Rights Management}{chapter.3}% 8
\BOOKMARK [1][]{section.3.2}{Internet Security and Certificates}{chapter.3}% 9
\BOOKMARK [1][]{section.3.3}{Data Collection}{chapter.3}% 10
\BOOKMARK [1][]{section.3.4}{Data Analysis}{chapter.3}% 11
\BOOKMARK [1][]{section.3.5}{Implications}{chapter.3}% 12
\BOOKMARK [0][]{chapter.4}{Related Works}{}% 13
\BOOKMARK [1][]{section.4.1}{The Vulnerability}{chapter.4}% 14
\BOOKMARK [1][]{section.4.2}{The Process}{chapter.4}% 15
\BOOKMARK [1][]{section.4.3}{Multiple GPUs}{chapter.4}% 16
\BOOKMARK [1][]{section.4.4}{Large Data}{chapter.4}% 17
\BOOKMARK [1][]{section.4.5}{Optimization}{chapter.4}% 18
\BOOKMARK [1][]{section.4.6}{Similar Algorithms}{chapter.4}% 19
\BOOKMARK [0][]{chapter.5}{Algorithm}{}% 20
\BOOKMARK [1][]{section.5.1}{Binary GCD}{chapter.5}% 21
\BOOKMARK [1][]{section.5.2}{Parallel Functions}{chapter.5}% 22
\BOOKMARK [1][]{section.5.3}{Computational Complexity}{chapter.5}% 23
\BOOKMARK [1][]{section.5.4}{Theoretical Speedup}{chapter.5}% 24
\BOOKMARK [0][]{chapter.6}{Problem Description}{}% 25
\BOOKMARK [0][]{chapter.7}{Implementation}{}% 26
\BOOKMARK [1][]{section.7.1}{Problem Decomposition}{chapter.7}% 27
\BOOKMARK [1][]{section.7.2}{Grid Organization}{chapter.7}% 28
\BOOKMARK [1][]{section.7.3}{Shared Memory}{chapter.7}% 29
\BOOKMARK [1][]{section.7.4}{Occupancy}{chapter.7}% 30
\BOOKMARK [1][]{section.7.5}{Bit-vector}{chapter.7}% 31
\BOOKMARK [2][]{subsection.7.5.1}{Grid Organization}{section.7.5}% 32
\BOOKMARK [2][]{subsection.7.5.2}{XY Coordinate mapping}{section.7.5}% 33
\BOOKMARK [2][]{subsection.7.5.3}{Shared Memory}{section.7.5}% 34
\BOOKMARK [2][]{subsection.7.5.4}{Occupancy}{section.7.5}% 35
\BOOKMARK [2][]{subsection.7.5.5}{Bit-vector}{section.7.5}% 36
\BOOKMARK [2][]{subsection.7.5.6}{Arbitrary Length Key Sets}{section.7.5}% 37
\BOOKMARK [2][]{subsection.7.5.7}{Generating the Private Key}{section.7.5}% 38
\BOOKMARK [2][]{subsection.7.5.8}{Multiple GPUs}{section.7.5}% 39
\BOOKMARK [0][]{chapter.8}{Experimental Setup}{}% 40
\BOOKMARK [1][]{section.8.1}{Test Machine}{chapter.8}% 41
\BOOKMARK [2][]{subsection.8.1.1}{Initial Setup}{section.8.1}% 42
\BOOKMARK [2][]{subsection.8.1.2}{Updated Setup}{section.8.1}% 43
\BOOKMARK [1][]{section.8.2}{Reference Implementations}{chapter.8}% 44
\BOOKMARK [1][]{section.8.3}{Test Sets}{chapter.8}% 45
\BOOKMARK [0][]{chapter.9}{Results}{}% 46
\BOOKMARK [1][]{section.9.1}{Initial Implementation}{chapter.9}% 47
\BOOKMARK [1][]{section.9.2}{Scalable Implementation}{chapter.9}% 48
\BOOKMARK [0][]{chapter.10}{Conclusion}{}% 49
\BOOKMARK [0][]{chapter.11}{Future Work}{}% 50
\BOOKMARK [0][]{chapter.12}{Appendix}{}% 51
