\BOOKMARK [0][]{chapter*.2}{List of Tables}{}% 1
\BOOKMARK [0][]{chapter*.3}{List of Figures}{}% 2
\BOOKMARK [0][]{chapter.1}{Introduction}{}% 3
\BOOKMARK [0][]{chapter.2}{Background}{}% 4
\BOOKMARK [1][]{section.2.1}{Motivation}{chapter.2}% 5
\BOOKMARK [2][]{subsection.2.1.1}{Digital Rights Management}{section.2.1}% 6
\BOOKMARK [2][]{subsection.2.1.2}{Internet Security and Certificates}{section.2.1}% 7
\BOOKMARK [2][]{subsection.2.1.3}{Data Collection}{section.2.1}% 8
\BOOKMARK [2][]{subsection.2.1.4}{Data Analysis}{section.2.1}% 9
\BOOKMARK [2][]{subsection.2.1.5}{Implications}{section.2.1}% 10
\BOOKMARK [2][]{subsection.2.1.6}{Conclusions}{section.2.1}% 11
\BOOKMARK [0][]{chapter.3}{Related Works}{}% 12
\BOOKMARK [1][]{section.3.1}{The Vulnerability}{chapter.3}% 13
\BOOKMARK [1][]{section.3.2}{The Process}{chapter.3}% 14
\BOOKMARK [1][]{section.3.3}{Completed Areas}{chapter.3}% 15
\BOOKMARK [1][]{section.3.4}{Multiple GPUs}{chapter.3}% 16
\BOOKMARK [1][]{section.3.5}{Large Data}{chapter.3}% 17
\BOOKMARK [1][]{section.3.6}{Optimization}{chapter.3}% 18
\BOOKMARK [1][]{section.3.7}{Similar Algorithms}{chapter.3}% 19
\BOOKMARK [0][]{chapter.4}{Validation}{}% 20
\BOOKMARK [0][]{chapter*.4}{Bibliography}{}% 21
